modules/app-manager/android/build/intermediates/manifest_merge_blame_file/debug/manifest-merger-blame-debug-report.txt
1<?xml version="1.0" encoding="utf-8"?>
2<manifest xmlns:android="http://schemas.android.com/apk/res/android"
3    package="expo.modules.appmanager" >
4
5    <uses-sdk android:minSdkVersion="23" />
6
7    <!-- Required on Android 11+ (API 30+) to query all installed packages -->
8    <uses-permission android:name="android.permission.QUERY_ALL_PACKAGES" />
8-->src/main/AndroidManifest.xml:5:3-75
8-->src/main/AndroidManifest.xml:5:20-72
9
10    <!-- Required to launch uninstall intents for other packages -->
11    <uses-permission android:name="android.permission.REQUEST_DELETE_PACKAGES" />
11-->src/main/AndroidManifest.xml:8:3-80
11-->src/main/AndroidManifest.xml:8:20-77
12
13    <!-- Required for Do Not Disturb control -->
14    <uses-permission android:name="android.permission.ACCESS_NOTIFICATION_POLICY" />
14-->src/main/AndroidManifest.xml:11:3-83
14-->src/main/AndroidManifest.xml:11:20-80
15
16</manifest>